------------------------------------------------------------------------------------------------------------------------

[2018-12-14 12:06:15 #1 store] 
Database 'C:\Users\uberVelocity\Documents\Java\Life\life-tracker\src\db\dbentries.odb' is opened by 9004@DESKTOP-AUVDP

[2018-12-14 12:06:15 #2 store] 
Configuration path: ?

[2018-12-14 12:06:15 #3 type] 
Type model.Entry is not enhanced.

[2018-12-14 12:06:15 #4 store] 
Database 'C:\Users\uberVelocity\Documents\Java\Life\life-tracker\src\db\dbentries.odb' is closed by 9004@DESKTOP-AUVDP

------------------------------------------------------------------------------------------------------------------------

[2018-12-14 12:06:48 #1 store] 
Database 'C:\Users\uberVelocity\Documents\Java\Life\life-tracker\src\db\dbentries.odb' is opened by 20120@DESKTOP-AUVDP

[2018-12-14 12:06:48 #2 store] 
Configuration path: ?

[2018-12-14 12:06:48 #3 type] 
Type model.Entry is not enhanced.

------------------------------------------------------------------------------------------------------------------------

[2018-12-14 12:10:56 #1 store] 
Database 'C:\Users\uberVelocity\Documents\Java\Life\life-tracker\src\db\dbentries.odb' has been recovered (tr. 8-8)

[2018-12-14 12:10:56 #2 store] 
Database 'C:\Users\uberVelocity\Documents\Java\Life\life-tracker\src\db\dbentries.odb' is opened by 13816@DESKTOP-AUVDP

[2018-12-14 12:10:56 #3 store] 
Configuration path: ?

[2018-12-14 12:10:56 #4 type] 
Type model.Entry is not enhanced.

------------------------------------------------------------------------------------------------------------------------

[2018-12-14 12:13:55 #1 store] 
Database 'C:\Users\uberVelocity\Documents\Java\Life\life-tracker\src\db\dbentries.odb' has been recovered (tr. 9-9)

[2018-12-14 12:13:55 #2 store] 
Database 'C:\Users\uberVelocity\Documents\Java\Life\life-tracker\src\db\dbentries.odb' is opened by 1296@DESKTOP-AUVDP

[2018-12-14 12:13:55 #3 store] 
Configuration path: ?

[2018-12-14 12:13:55 #4 type] 
Type model.Entry is not enhanced.

[2018-12-14 12:13:56 #5 store] 
Database 'C:\Users\uberVelocity\Documents\Java\Life\life-tracker\src\db\dbentries.odb' is closed by 1296@DESKTOP-AUVDP

[2018-12-14 12:13:59 #6 store] 
Database 'C:\Users\uberVelocity\Documents\Java\Life\life-tracker\src\db\dbentries.odb' is opened by 1296@DESKTOP-AUVDP

[2018-12-14 12:13:59 #7 store] 
Configuration path: ?

[2018-12-14 12:13:59 #8 store] 
Database 'C:\Users\uberVelocity\Documents\Java\Life\life-tracker\src\db\dbentries.odb' is closed by 1296@DESKTOP-AUVDP

[2018-12-14 12:14:01 #9 store] 
Database 'C:\Users\uberVelocity\Documents\Java\Life\life-tracker\src\db\dbentries.odb' is opened by 1296@DESKTOP-AUVDP

[2018-12-14 12:14:01 #10 store] 
Configuration path: ?

[2018-12-14 12:14:01 #11 store] 
Database 'C:\Users\uberVelocity\Documents\Java\Life\life-tracker\src\db\dbentries.odb' is closed by 1296@DESKTOP-AUVDP

[2018-12-14 12:14:15 #12 store] 
Database 'C:\Users\uberVelocity\Documents\Java\Life\life-tracker\src\db\dbentries.odb' is opened by 1296@DESKTOP-AUVDP

[2018-12-14 12:14:15 #13 store] 
Configuration path: ?

[2018-12-14 12:14:15 #14 store] 
Database 'C:\Users\uberVelocity\Documents\Java\Life\life-tracker\src\db\dbentries.odb' is closed by 1296@DESKTOP-AUVDP

[2018-12-14 12:14:17 #15 store] 
Database 'C:\Users\uberVelocity\Documents\Java\Life\life-tracker\src\db\dbentries.odb' is opened by 1296@DESKTOP-AUVDP

[2018-12-14 12:14:17 #16 store] 
Configuration path: ?

[2018-12-14 12:14:17 #17 store] 
Database 'C:\Users\uberVelocity\Documents\Java\Life\life-tracker\src\db\dbentries.odb' is closed by 1296@DESKTOP-AUVDP

[2018-12-14 12:14:19 #18 store] 
Database 'C:\Users\uberVelocity\Documents\Java\Life\life-tracker\src\db\dbentries.odb' is opened by 1296@DESKTOP-AUVDP

[2018-12-14 12:14:19 #19 store] 
Configuration path: ?

[2018-12-14 12:14:19 #20 store] 
Database 'C:\Users\uberVelocity\Documents\Java\Life\life-tracker\src\db\dbentries.odb' is closed by 1296@DESKTOP-AUVDP

------------------------------------------------------------------------------------------------------------------------

[2018-12-14 12:27:24 #1 store] 
Database 'C:\Users\uberVelocity\Documents\Java\Life\life-tracker\src\db\dbentries.odb' is opened by 7108@DESKTOP-AUVDP

[2018-12-14 12:27:24 #2 store] 
Configuration path: ?

[2018-12-14 12:27:24 #3 type] 
Type model.Entry is not enhanced.

[2018-12-14 12:27:24 #4 store] 
Database 'C:\Users\uberVelocity\Documents\Java\Life\life-tracker\src\db\dbentries.odb' is closed by 7108@DESKTOP-AUVDP

[2018-12-14 12:27:25 #5 store] 
Database 'C:\Users\uberVelocity\Documents\Java\Life\life-tracker\src\db\dbentries.odb' is opened by 7108@DESKTOP-AUVDP

[2018-12-14 12:27:25 #6 store] 
Configuration path: ?

[2018-12-14 12:27:25 #7 store] 
Database 'C:\Users\uberVelocity\Documents\Java\Life\life-tracker\src\db\dbentries.odb' is closed by 7108@DESKTOP-AUVDP

[2018-12-14 12:27:26 #8 store] 
Database 'C:\Users\uberVelocity\Documents\Java\Life\life-tracker\src\db\dbentries.odb' is opened by 7108@DESKTOP-AUVDP

[2018-12-14 12:27:26 #9 store] 
Configuration path: ?

[2018-12-14 12:27:26 #10 store] 
Database 'C:\Users\uberVelocity\Documents\Java\Life\life-tracker\src\db\dbentries.odb' is closed by 7108@DESKTOP-AUVDP

[2018-12-14 12:27:26 #11 store] 
Database 'C:\Users\uberVelocity\Documents\Java\Life\life-tracker\src\db\dbentries.odb' is opened by 7108@DESKTOP-AUVDP

[2018-12-14 12:27:26 #12 store] 
Configuration path: ?

[2018-12-14 12:27:26 #13 store] 
Database 'C:\Users\uberVelocity\Documents\Java\Life\life-tracker\src\db\dbentries.odb' is closed by 7108@DESKTOP-AUVDP

[2018-12-14 12:27:26 #14 store] 
Database 'C:\Users\uberVelocity\Documents\Java\Life\life-tracker\src\db\dbentries.odb' is opened by 7108@DESKTOP-AUVDP

[2018-12-14 12:27:26 #15 store] 
Configuration path: ?

[2018-12-14 12:27:26 #16 store] 
Database 'C:\Users\uberVelocity\Documents\Java\Life\life-tracker\src\db\dbentries.odb' is closed by 7108@DESKTOP-AUVDP

------------------------------------------------------------------------------------------------------------------------

[2018-12-14 12:30:23 #1 store] 
Database 'C:\Users\uberVelocity\Documents\Java\Life\life-tracker\src\db\dbentries.odb' is opened by 15364@DESKTOP-AUVDP

[2018-12-14 12:30:23 #2 store] 
Configuration path: ?

[2018-12-14 12:30:23 #3 type] 
Type model.Entry is not enhanced.

[2018-12-14 12:30:23 #4 store] 
Database 'C:\Users\uberVelocity\Documents\Java\Life\life-tracker\src\db\dbentries.odb' is closed by 15364@DESKTOP-AUVDP

------------------------------------------------------------------------------------------------------------------------

[2018-12-14 12:31:13 #1 store] 
Database 'C:\Users\uberVelocity\Documents\Java\Life\life-tracker\src\db\dbentries.odb' is opened by 10536@DESKTOP-AUVDP

[2018-12-14 12:31:13 #2 store] 
Configuration path: ?

[2018-12-14 12:31:13 #3 type] 
Type model.Entry is not enhanced.

[2018-12-14 12:31:13 #4 store] 
Database 'C:\Users\uberVelocity\Documents\Java\Life\life-tracker\src\db\dbentries.odb' is closed by 10536@DESKTOP-AUVDP

------------------------------------------------------------------------------------------------------------------------

[2018-12-14 12:51:33 #1 store] 
Database 'C:\Users\uberVelocity\Documents\Java\Life\life-tracker\src\db\dbentries.odb' is opened by 11204@DESKTOP-AUVDP

[2018-12-14 12:51:33 #2 store] 
Configuration path: ?

[2018-12-14 12:51:33 #3 type] 
Type model.Entry is not enhanced.

------------------------------------------------------------------------------------------------------------------------

[2018-12-14 12:52:11 #1 store] 
Database 'C:\Users\uberVelocity\Documents\Java\Life\life-tracker\src\db\dbentries.odb' is opened by 8396@DESKTOP-AUVDP

[2018-12-14 12:52:11 #2 store] 
Configuration path: ?

[2018-12-14 12:52:11 #3 type] 
Type model.Entry is not enhanced.

------------------------------------------------------------------------------------------------------------------------

[2018-12-14 12:52:44 #1 store] 
Database 'C:\Users\uberVelocity\Documents\Java\Life\life-tracker\src\db\dbentries.odb' is opened by 8584@DESKTOP-AUVDP

[2018-12-14 12:52:44 #2 store] 
Configuration path: ?

[2018-12-14 12:52:44 #3 type] 
Type model.Entry is not enhanced.

[2018-12-14 12:52:44 #4 store] 
Database 'C:\Users\uberVelocity\Documents\Java\Life\life-tracker\src\db\dbentries.odb' is closed by 8584@DESKTOP-AUVDP

------------------------------------------------------------------------------------------------------------------------

[2018-12-14 12:57:52 #1 store] 
Database 'C:\Users\uberVelocity\Documents\Java\Life\life-tracker\src\db\dbentries.odb' is opened by 15808@DESKTOP-AUVDP

[2018-12-14 12:57:52 #2 store] 
Configuration path: ?

[2018-12-14 12:57:52 #3 type] 
Type model.Entry is not enhanced.

[2018-12-14 12:57:52 #4 type.registry] 
New type model.User

